<?xml version="1.0" encoding="UTF-8"?>
<!-- Generated by org.testng.reporters.JUnitReportReporter -->
<testsuite hostname="DESKTOP-UD3B5D0" failures="0" tests="1" name="org.tvam.campaignsmodule.TC001_VerifyUserIsAbleToCreateCampaignWithMandatoryFieldsTest" time="1.180" errors="0" timestamp="2026-03-14T15:39:49 IST" skipped="0">
  <testcase classname="org.tvam.campaignsmodule.TC001_VerifyUserIsAbleToCreateCampaignWithMandatoryFieldsTest" name="tc001_VerifyUserIsAbleToCreateCampaignWithMandatoryFieldsTest" time="1.180">
    <system-out>
      <![CDATA[Execution Completed
onTestSuccessMethod]]>
    </system-out>
  </testcase> <!-- tc001_VerifyUserIsAbleToCreateCampaignWithMandatoryFieldsTest -->
  <system-out>
    <![CDATA[onStartMethod
BeforeSuite
BeforeTest
BeforeClass
BeforeMethod
Execution Completed
onTestSuccessMethod
AfterMethod
AfterClass
BeforeClass
BeforeMethod
Execution Completed
onTestSuccessMethod
AfterMethod
AfterClass
AfterTest
AfterSuite]]>
  </system-out>
</testsuite> <!-- org.tvam.campaignsmodule.TC001_VerifyUserIsAbleToCreateCampaignWithMandatoryFieldsTest -->
