<?xml version="1.0" encoding="UTF-8"?>
<testng-results ignored="0" total="2" passed="2" failed="0" skipped="0">
  <reporter-output>
    <line>
      <![CDATA[onStartMethod]]>
    </line>
    <line>
      <![CDATA[BeforeSuite]]>
    </line>
    <line>
      <![CDATA[BeforeTest]]>
    </line>
    <line>
      <![CDATA[BeforeClass]]>
    </line>
    <line>
      <![CDATA[BeforeMethod]]>
    </line>
    <line>
      <![CDATA[Execution Completed]]>
    </line>
    <line>
      <![CDATA[onTestSuccessMethod]]>
    </line>
    <line>
      <![CDATA[AfterMethod]]>
    </line>
    <line>
      <![CDATA[AfterClass]]>
    </line>
    <line>
      <![CDATA[BeforeClass]]>
    </line>
    <line>
      <![CDATA[BeforeMethod]]>
    </line>
    <line>
      <![CDATA[Execution Completed]]>
    </line>
    <line>
      <![CDATA[onTestSuccessMethod]]>
    </line>
    <line>
      <![CDATA[AfterMethod]]>
    </line>
    <line>
      <![CDATA[AfterClass]]>
    </line>
    <line>
      <![CDATA[AfterTest]]>
    </line>
    <line>
      <![CDATA[AfterSuite]]>
    </line>
  </reporter-output>
  <suite started-at="2026-03-14T15:39:38 IST" name="GroupSuitetestng.xml" finished-at="2026-03-14T15:39:49 IST" duration-ms="11291">
    <groups>
      <group name="regression">
        <method signature="TC001_VerifyUserIsAbleToCreateCampaignWithMandatoryFieldsTest.tc001_VerifyUserIsAbleToCreateCampaignWithMandatoryFieldsTest()[pri:0, instance:org.tvam.campaignsmodule.TC001_VerifyUserIsAbleToCreateCampaignWithMandatoryFieldsTest@15de0b3c]" name="tc001_VerifyUserIsAbleToCreateCampaignWithMandatoryFieldsTest" class="org.tvam.campaignsmodule.TC001_VerifyUserIsAbleToCreateCampaignWithMandatoryFieldsTest"/>
        <method signature="TC003_VerifyUserIsAbleToDeleteCampaignTest.tc003_VerifyUserIsAbleToDeleteCampaignTest()[pri:0, instance:org.tvam.campaignsmodule.TC003_VerifyUserIsAbleToDeleteCampaignTest@1a677343]" name="tc003_VerifyUserIsAbleToDeleteCampaignTest" class="org.tvam.campaignsmodule.TC003_VerifyUserIsAbleToDeleteCampaignTest"/>
      </group> <!-- regression -->
    </groups>
    <test started-at="2026-03-14T15:39:38 IST" name="Test" finished-at="2026-03-14T15:39:49 IST" duration-ms="11291">
      <class name="org.tvam.campaignsmodule.TC002_VerifyUserIsAbleToEditCampaignTest">
        <test-method is-config="true" signature="beforeSuite()[pri:0, instance:org.tvam.campaignsmodule.TC002_VerifyUserIsAbleToEditCampaignTest@1fa121e2]" started-at="2026-03-14T15:39:38 IST" name="beforeSuite" finished-at="2026-03-14T15:39:38 IST" duration-ms="8" status="PASS">
          <reporter-output>
            <line>
              <![CDATA[BeforeSuite]]>
            </line>
          </reporter-output>
        </test-method> <!-- beforeSuite -->
        <test-method is-config="true" signature="beforeTest()[pri:0, instance:org.tvam.campaignsmodule.TC002_VerifyUserIsAbleToEditCampaignTest@1fa121e2]" started-at="2026-03-14T15:39:38 IST" name="beforeTest" finished-at="2026-03-14T15:39:38 IST" duration-ms="0" status="PASS">
          <reporter-output>
            <line>
              <![CDATA[BeforeTest]]>
            </line>
          </reporter-output>
        </test-method> <!-- beforeTest -->
        <test-method is-config="true" signature="afterTest()[pri:0, instance:org.tvam.campaignsmodule.TC002_VerifyUserIsAbleToEditCampaignTest@1fa121e2]" started-at="2026-03-14T15:39:49 IST" name="afterTest" finished-at="2026-03-14T15:39:49 IST" duration-ms="0" status="PASS">
          <reporter-output>
            <line>
              <![CDATA[AfterTest]]>
            </line>
          </reporter-output>
        </test-method> <!-- afterTest -->
        <test-method is-config="true" signature="afterSuite()[pri:0, instance:org.tvam.campaignsmodule.TC002_VerifyUserIsAbleToEditCampaignTest@1fa121e2]" started-at="2026-03-14T15:39:49 IST" name="afterSuite" finished-at="2026-03-14T15:39:49 IST" duration-ms="1" status="PASS">
          <reporter-output>
            <line>
              <![CDATA[AfterSuite]]>
            </line>
          </reporter-output>
        </test-method> <!-- afterSuite -->
      </class> <!-- org.tvam.campaignsmodule.TC002_VerifyUserIsAbleToEditCampaignTest -->
      <class name="org.tvam.campaignsmodule.TC001_VerifyUserIsAbleToCreateCampaignWithMandatoryFieldsTest">
        <test-method is-config="true" signature="beforeClass()[pri:0, instance:org.tvam.campaignsmodule.TC001_VerifyUserIsAbleToCreateCampaignWithMandatoryFieldsTest@15de0b3c]" started-at="2026-03-14T15:39:44 IST" name="beforeClass" finished-at="2026-03-14T15:39:48 IST" duration-ms="3893" status="PASS">
          <reporter-output>
            <line>
              <![CDATA[BeforeClass]]>
            </line>
          </reporter-output>
        </test-method> <!-- beforeClass -->
        <test-method is-config="true" signature="beforeMethod()[pri:0, instance:org.tvam.campaignsmodule.TC001_VerifyUserIsAbleToCreateCampaignWithMandatoryFieldsTest@15de0b3c]" started-at="2026-03-14T15:39:48 IST" name="beforeMethod" finished-at="2026-03-14T15:39:48 IST" duration-ms="128" status="PASS">
          <reporter-output>
            <line>
              <![CDATA[BeforeMethod]]>
            </line>
          </reporter-output>
        </test-method> <!-- beforeMethod -->
        <test-method signature="tc001_VerifyUserIsAbleToCreateCampaignWithMandatoryFieldsTest()[pri:0, instance:org.tvam.campaignsmodule.TC001_VerifyUserIsAbleToCreateCampaignWithMandatoryFieldsTest@15de0b3c]" started-at="2026-03-14T15:39:48 IST" name="tc001_VerifyUserIsAbleToCreateCampaignWithMandatoryFieldsTest" finished-at="2026-03-14T15:39:49 IST" duration-ms="1052" status="PASS">
          <reporter-output>
            <line>
              <![CDATA[Execution Completed]]>
            </line>
            <line>
              <![CDATA[onTestSuccessMethod]]>
            </line>
          </reporter-output>
        </test-method> <!-- tc001_VerifyUserIsAbleToCreateCampaignWithMandatoryFieldsTest -->
        <test-method is-config="true" signature="afterMethod()[pri:0, instance:org.tvam.campaignsmodule.TC001_VerifyUserIsAbleToCreateCampaignWithMandatoryFieldsTest@15de0b3c]" started-at="2026-03-14T15:39:49 IST" name="afterMethod" finished-at="2026-03-14T15:39:49 IST" duration-ms="0" status="PASS">
          <reporter-output>
            <line>
              <![CDATA[AfterMethod]]>
            </line>
          </reporter-output>
        </test-method> <!-- afterMethod -->
        <test-method is-config="true" signature="afterClass()[pri:0, instance:org.tvam.campaignsmodule.TC001_VerifyUserIsAbleToCreateCampaignWithMandatoryFieldsTest@15de0b3c]" started-at="2026-03-14T15:39:49 IST" name="afterClass" finished-at="2026-03-14T15:39:49 IST" duration-ms="135" status="PASS">
          <reporter-output>
            <line>
              <![CDATA[AfterClass]]>
            </line>
          </reporter-output>
        </test-method> <!-- afterClass -->
      </class> <!-- org.tvam.campaignsmodule.TC001_VerifyUserIsAbleToCreateCampaignWithMandatoryFieldsTest -->
      <class name="org.tvam.campaignsmodule.TC003_VerifyUserIsAbleToDeleteCampaignTest">
        <test-method is-config="true" signature="beforeClass()[pri:0, instance:org.tvam.campaignsmodule.TC003_VerifyUserIsAbleToDeleteCampaignTest@1a677343]" started-at="2026-03-14T15:39:38 IST" name="beforeClass" finished-at="2026-03-14T15:39:42 IST" duration-ms="4310" status="PASS">
          <reporter-output>
            <line>
              <![CDATA[BeforeClass]]>
            </line>
          </reporter-output>
        </test-method> <!-- beforeClass -->
        <test-method is-config="true" signature="beforeMethod()[pri:0, instance:org.tvam.campaignsmodule.TC003_VerifyUserIsAbleToDeleteCampaignTest@1a677343]" started-at="2026-03-14T15:39:42 IST" name="beforeMethod" finished-at="2026-03-14T15:39:42 IST" duration-ms="152" status="PASS">
          <reporter-output>
            <line>
              <![CDATA[BeforeMethod]]>
            </line>
          </reporter-output>
        </test-method> <!-- beforeMethod -->
        <test-method signature="tc003_VerifyUserIsAbleToDeleteCampaignTest()[pri:0, instance:org.tvam.campaignsmodule.TC003_VerifyUserIsAbleToDeleteCampaignTest@1a677343]" started-at="2026-03-14T15:39:42 IST" name="tc003_VerifyUserIsAbleToDeleteCampaignTest" finished-at="2026-03-14T15:39:44 IST" duration-ms="1427" status="PASS">
          <reporter-output>
            <line>
              <![CDATA[Execution Completed]]>
            </line>
            <line>
              <![CDATA[onTestSuccessMethod]]>
            </line>
          </reporter-output>
        </test-method> <!-- tc003_VerifyUserIsAbleToDeleteCampaignTest -->
        <test-method is-config="true" signature="afterMethod()[pri:0, instance:org.tvam.campaignsmodule.TC003_VerifyUserIsAbleToDeleteCampaignTest@1a677343]" started-at="2026-03-14T15:39:44 IST" name="afterMethod" finished-at="2026-03-14T15:39:44 IST" duration-ms="1" status="PASS">
          <reporter-output>
            <line>
              <![CDATA[AfterMethod]]>
            </line>
          </reporter-output>
        </test-method> <!-- afterMethod -->
        <test-method is-config="true" signature="afterClass()[pri:0, instance:org.tvam.campaignsmodule.TC003_VerifyUserIsAbleToDeleteCampaignTest@1a677343]" started-at="2026-03-14T15:39:44 IST" name="afterClass" finished-at="2026-03-14T15:39:44 IST" duration-ms="151" status="PASS">
          <reporter-output>
            <line>
              <![CDATA[AfterClass]]>
            </line>
          </reporter-output>
        </test-method> <!-- afterClass -->
      </class> <!-- org.tvam.campaignsmodule.TC003_VerifyUserIsAbleToDeleteCampaignTest -->
    </test> <!-- Test -->
  </suite> <!-- GroupSuitetestng.xml -->
</testng-results>
